[2025-11-29 00:31:42,042: INFO: common: yaml file: config\config.yaml loaded successfully]
[2025-11-29 00:31:42,053: INFO: common: yaml file: schema.yaml loaded successfully]
[2025-11-29 00:31:42,062: INFO: common: yaml file: params.yaml loaded successfully]
[2025-11-29 00:31:42,064: INFO: common: created directory at: artifacts]
[2025-11-29 00:32:36,719: INFO: common: yaml file: config\config.yaml loaded successfully]
[2025-11-29 00:32:36,723: INFO: common: yaml file: params.yaml loaded successfully]
[2025-11-29 00:32:36,726: INFO: common: yaml file: schema.yaml loaded successfully]
[2025-11-29 00:32:36,727: INFO: common: created directory at: artifacts]
[2025-11-29 00:32:36,728: INFO: common: created directory at: artifacts/data_ingestion]
[2025-11-29 00:43:38,916: INFO: common: yaml file: config\config.yaml loaded successfully]
[2025-11-29 00:43:38,917: INFO: common: yaml file: params.yaml loaded successfully]
[2025-11-29 00:43:38,919: INFO: common: yaml file: schema.yaml loaded successfully]
[2025-11-29 00:43:38,920: INFO: common: created directory at: artifacts]
[2025-11-29 00:43:38,922: INFO: common: created directory at: artifacts/data_validation]
[2025-11-29 10:34:41,427: INFO: common: yaml file: config\config.yaml loaded successfully]
[2025-11-29 10:34:41,435: INFO: common: yaml file: params.yaml loaded successfully]
[2025-11-29 10:34:41,438: INFO: common: yaml file: schema.yaml loaded successfully]
[2025-11-29 10:34:41,438: INFO: common: created directory at: artifacts]
[2025-11-29 10:34:41,438: INFO: common: created directory at: artifacts/data_transformation]
[2025-11-29 10:36:47,416: INFO: common: yaml file: config\config.yaml loaded successfully]
[2025-11-29 10:36:47,419: INFO: common: yaml file: params.yaml loaded successfully]
[2025-11-29 10:36:47,423: INFO: common: yaml file: schema.yaml loaded successfully]
[2025-11-29 10:36:47,424: INFO: common: created directory at: artifacts]
[2025-11-29 10:36:47,433: INFO: common: created directory at: artifacts/data_transformation]
[2025-11-29 10:36:47,434: INFO: 1632261556: Loading data...]
[2025-11-29 10:36:47,517: INFO: 1632261556: Splitting data into Train and Test...]
[2025-11-29 10:36:47,794: INFO: 1632261556: Categorical cols: ['type_of_meal_plan', 'room_type_reserved', 'market_segment_type']]
[2025-11-29 10:36:47,796: INFO: 1632261556: Numerical cols: ['no_of_adults', 'no_of_children', 'no_of_weekend_nights', 'no_of_week_nights', 'required_car_parking_space', 'lead_time', 'arrival_year', 'arrival_month', 'arrival_date', 'repeated_guest', 'no_of_previous_cancellations', 'no_of_previous_bookings_not_canceled', 'avg_price_per_room', 'no_of_special_requests']]
[2025-11-29 10:36:48,396: INFO: 1632261556: Transformation Complete. Train Shape: (29020, 31), Test Shape: (7255, 31)]
[2025-11-29 10:54:50,525: INFO: common: yaml file: config\config.yaml loaded successfully]
[2025-11-29 10:54:50,528: INFO: common: yaml file: params.yaml loaded successfully]
[2025-11-29 10:54:50,529: INFO: common: yaml file: schema.yaml loaded successfully]
[2025-11-29 10:54:50,531: INFO: common: created directory at: artifacts]
[2025-11-29 10:54:50,532: INFO: common: created directory at: artifacts/model_trainer]
[2025-11-29 10:57:44,415: INFO: common: yaml file: config\config.yaml loaded successfully]
[2025-11-29 10:57:44,417: INFO: common: yaml file: params.yaml loaded successfully]
[2025-11-29 10:57:44,418: INFO: common: yaml file: schema.yaml loaded successfully]
[2025-11-29 10:57:44,420: INFO: common: created directory at: artifacts]
[2025-11-29 10:57:44,421: INFO: common: created directory at: artifacts/model_trainer]
[2025-11-29 10:57:46,848: INFO: 443488776: Random Forest Model trained and saved at: artifacts/model_trainer\model.joblib]
[2025-11-29 11:09:53,262: INFO: common: yaml file: config\config.yaml loaded successfully]
[2025-11-29 11:09:53,270: INFO: common: yaml file: params.yaml loaded successfully]
[2025-11-29 11:09:53,284: INFO: common: yaml file: schema.yaml loaded successfully]
[2025-11-29 11:09:53,284: INFO: common: created directory at: artifacts]
[2025-11-29 11:09:53,284: INFO: common: created directory at: artifacts/model_evaluation]
[2025-11-29 11:09:55,227: INFO: common: json file saved at: artifacts\model_evaluation\metrics.json]
[2025-11-29 12:15:30,298: INFO: main: >>>>>> stage <<<<<<<Data Ingestion stage>>>>>>>>> started <<<<<<]
[2025-11-29 12:15:30,302: INFO: common: yaml file: config\config.yaml loaded successfully]
[2025-11-29 12:15:30,302: INFO: common: yaml file: params.yaml loaded successfully]
[2025-11-29 12:15:30,302: INFO: common: yaml file: schema.yaml loaded successfully]
[2025-11-29 12:15:30,302: INFO: common: created directory at: artifacts]
[2025-11-29 12:15:30,302: INFO: common: created directory at: artifacts/data_ingestion]
[2025-11-29 12:15:30,302: INFO: main: >>>>>> stage <<<<<<<Data Ingestion stage>>>>>>>>> completed <<<<<<

x==========x]
[2025-11-29 12:15:30,302: INFO: main: >>>>>> stage <<<<<<<Data Validation stage>>>>>>>>> started <<<<<<]
[2025-11-29 12:15:30,319: INFO: common: yaml file: config\config.yaml loaded successfully]
[2025-11-29 12:15:30,326: INFO: common: yaml file: params.yaml loaded successfully]
[2025-11-29 12:15:30,336: INFO: common: yaml file: schema.yaml loaded successfully]
[2025-11-29 12:15:30,336: INFO: common: created directory at: artifacts]
[2025-11-29 12:15:30,336: INFO: common: created directory at: artifacts/data_validation]
[2025-11-29 12:15:30,457: INFO: main: >>>>>> stage <<<<<<<Data Validation stage>>>>>>>>> completed <<<<<<

x==========x]
[2025-11-29 12:15:30,457: INFO: main: >>>>>> stage <<<<<<<Data Transformation stage>>>>>>>>> started <<<<<<]
[2025-11-29 12:15:30,459: INFO: common: yaml file: config\config.yaml loaded successfully]
[2025-11-29 12:15:30,459: INFO: common: yaml file: params.yaml loaded successfully]
[2025-11-29 12:15:30,459: INFO: common: yaml file: schema.yaml loaded successfully]
[2025-11-29 12:15:30,459: INFO: common: created directory at: artifacts]
[2025-11-29 12:15:30,463: INFO: common: created directory at: artifacts/data_transformation]
[2025-11-29 12:15:30,463: ERROR: main: 'DataTransformation' object has no attribute 'train_test_spliting']
Traceback (most recent call last):
  File "D:\Cdac_ML\Assignments\Lab_assesment\main.py", line 36, in <module>
    obj.main()
  File "D:\Cdac_ML\Assignments\Lab_assesment\src\ML_LAB\pipeline\Data_transformation_stage.py", line 18, in main
    data_transformation.train_test_spliting()
    ^^^^^^^^^^^^^^^^^^^^^^^^^^^^^^^^^^^^^^^
AttributeError: 'DataTransformation' object has no attribute 'train_test_spliting'
[2025-11-29 12:23:32,333: INFO: main: >>>>>> stage <<<<<<<Data Ingestion stage>>>>>>>>> started <<<<<<]
[2025-11-29 12:23:32,333: INFO: common: yaml file: config\config.yaml loaded successfully]
[2025-11-29 12:23:32,333: INFO: common: yaml file: params.yaml loaded successfully]
[2025-11-29 12:23:32,333: INFO: common: yaml file: schema.yaml loaded successfully]
[2025-11-29 12:23:32,333: INFO: common: created directory at: artifacts]
[2025-11-29 12:23:32,333: INFO: common: created directory at: artifacts/data_ingestion]
[2025-11-29 12:23:32,333: INFO: main: >>>>>> stage <<<<<<<Data Ingestion stage>>>>>>>>> completed <<<<<<

x==========x]
[2025-11-29 12:23:32,333: INFO: main: >>>>>> stage <<<<<<<Data Validation stage>>>>>>>>> started <<<<<<]
[2025-11-29 12:23:32,345: INFO: common: yaml file: config\config.yaml loaded successfully]
[2025-11-29 12:23:32,346: INFO: common: yaml file: params.yaml loaded successfully]
[2025-11-29 12:23:32,349: INFO: common: yaml file: schema.yaml loaded successfully]
[2025-11-29 12:23:32,349: INFO: common: created directory at: artifacts]
[2025-11-29 12:23:32,352: INFO: common: created directory at: artifacts/data_validation]
[2025-11-29 12:23:32,425: INFO: main: >>>>>> stage <<<<<<<Data Validation stage>>>>>>>>> completed <<<<<<

x==========x]
[2025-11-29 12:23:32,425: INFO: main: >>>>>> stage <<<<<<<Data Transformation stage>>>>>>>>> started <<<<<<]
[2025-11-29 12:23:32,425: INFO: common: yaml file: config\config.yaml loaded successfully]
[2025-11-29 12:23:32,425: INFO: common: yaml file: params.yaml loaded successfully]
[2025-11-29 12:23:32,425: INFO: common: yaml file: schema.yaml loaded successfully]
[2025-11-29 12:23:32,425: INFO: common: created directory at: artifacts]
[2025-11-29 12:23:32,425: INFO: common: created directory at: artifacts/data_transformation]
[2025-11-29 12:23:32,425: INFO: Data_transformation: Loading data...]
[2025-11-29 12:23:32,494: INFO: Data_transformation: Splitting data into Train and Test...]
[2025-11-29 12:23:32,723: INFO: Data_transformation: Categorical cols: ['type_of_meal_plan', 'room_type_reserved', 'market_segment_type']]
[2025-11-29 12:23:32,727: INFO: Data_transformation: Numerical cols: ['no_of_adults', 'no_of_children', 'no_of_weekend_nights', 'no_of_week_nights', 'required_car_parking_space', 'lead_time', 'arrival_year', 'arrival_month', 'arrival_date', 'repeated_guest', 'no_of_previous_cancellations', 'no_of_previous_bookings_not_canceled', 'avg_price_per_room', 'no_of_special_requests']]
[2025-11-29 12:23:33,230: INFO: Data_transformation: Transformation Complete. Train Shape: (29020, 31), Test Shape: (7255, 31)]
[2025-11-29 12:23:33,233: INFO: main: >>>>>> stage <<<<<<<Data Transformation stage>>>>>>>>> completed <<<<<<

x==========x]
[2025-11-29 12:23:33,234: INFO: main: >>>>>> stage Model Trainer stage started <<<<<<]
[2025-11-29 12:23:33,235: INFO: common: yaml file: config\config.yaml loaded successfully]
[2025-11-29 12:23:33,236: INFO: common: yaml file: params.yaml loaded successfully]
[2025-11-29 12:23:33,238: INFO: common: yaml file: schema.yaml loaded successfully]
[2025-11-29 12:23:33,239: INFO: common: created directory at: artifacts]
[2025-11-29 12:23:33,240: INFO: common: created directory at: artifacts/model_trainer]
[2025-11-29 12:23:35,201: INFO: Model_training: Random Forest Model trained and saved at: artifacts/model_trainer\model.joblib]
[2025-11-29 12:23:35,213: INFO: main: >>>>>> stage Model Trainer stage completed <<<<<<

x==========x]
[2025-11-29 12:23:35,213: INFO: main: >>>>>> stage Model evaluation stage started <<<<<<]
[2025-11-29 12:23:35,217: INFO: common: yaml file: config\config.yaml loaded successfully]
[2025-11-29 12:23:35,219: INFO: common: yaml file: params.yaml loaded successfully]
[2025-11-29 12:23:35,220: INFO: common: yaml file: schema.yaml loaded successfully]
[2025-11-29 12:23:35,222: INFO: common: created directory at: artifacts]
[2025-11-29 12:23:35,222: INFO: common: created directory at: artifacts/model_evaluation]
[2025-11-29 12:23:35,455: INFO: common: json file saved at: artifacts\model_evaluation\metrics.json]
[2025-11-29 12:23:35,455: INFO: main: >>>>>> stage Model evaluation stage completed <<<<<<

x==========x]
[2025-11-29 12:45:50,789: INFO: main: >>>>>> stage <<<<<<<Data Ingestion stage>>>>>>>>> started <<<<<<]
[2025-11-29 12:45:50,789: INFO: common: yaml file: config\config.yaml loaded successfully]
[2025-11-29 12:45:50,789: INFO: common: yaml file: params.yaml loaded successfully]
[2025-11-29 12:45:50,789: INFO: common: yaml file: schema.yaml loaded successfully]
[2025-11-29 12:45:50,789: INFO: common: created directory at: artifacts]
[2025-11-29 12:45:50,789: INFO: common: created directory at: artifacts/data_ingestion]
[2025-11-29 12:45:50,789: INFO: main: >>>>>> stage <<<<<<<Data Ingestion stage>>>>>>>>> completed <<<<<<

x==========x]
[2025-11-29 12:45:50,802: INFO: main: >>>>>> stage <<<<<<<Data Validation stage>>>>>>>>> started <<<<<<]
[2025-11-29 12:45:50,805: INFO: common: yaml file: config\config.yaml loaded successfully]
[2025-11-29 12:45:50,807: INFO: common: yaml file: params.yaml loaded successfully]
[2025-11-29 12:45:50,809: INFO: common: yaml file: schema.yaml loaded successfully]
[2025-11-29 12:45:50,810: INFO: common: created directory at: artifacts]
[2025-11-29 12:45:50,811: INFO: common: created directory at: artifacts/data_validation]
[2025-11-29 12:45:50,870: INFO: main: >>>>>> stage <<<<<<<Data Validation stage>>>>>>>>> completed <<<<<<

x==========x]
[2025-11-29 12:45:50,870: INFO: main: >>>>>> stage <<<<<<<Data Transformation stage>>>>>>>>> started <<<<<<]
[2025-11-29 12:45:50,870: INFO: common: yaml file: config\config.yaml loaded successfully]
[2025-11-29 12:45:50,870: INFO: common: yaml file: params.yaml loaded successfully]
[2025-11-29 12:45:50,870: INFO: common: yaml file: schema.yaml loaded successfully]
[2025-11-29 12:45:50,870: INFO: common: created directory at: artifacts]
[2025-11-29 12:45:50,870: INFO: common: created directory at: artifacts/data_transformation]
[2025-11-29 12:45:50,880: INFO: Data_transformation: Loading data...]
[2025-11-29 12:45:50,931: INFO: Data_transformation: Splitting data into Train and Test...]
[2025-11-29 12:45:51,162: INFO: Data_transformation: Categorical cols: ['type_of_meal_plan', 'room_type_reserved', 'market_segment_type']]
[2025-11-29 12:45:51,162: INFO: Data_transformation: Numerical cols: ['no_of_adults', 'no_of_children', 'no_of_weekend_nights', 'no_of_week_nights', 'required_car_parking_space', 'lead_time', 'arrival_year', 'arrival_month', 'arrival_date', 'repeated_guest', 'no_of_previous_cancellations', 'no_of_previous_bookings_not_canceled', 'avg_price_per_room', 'no_of_special_requests']]
[2025-11-29 12:45:51,668: INFO: Data_transformation: Transformation Complete. Train Shape: (29020, 31), Test Shape: (7255, 31)]
[2025-11-29 12:45:51,676: INFO: Data_transformation: Preprocessor object saved at artifacts/data_transformation\preprocessor.obj]
[2025-11-29 12:45:51,676: INFO: Data_transformation: Transformation Complete. Train Shape: (29020, 31), Test Shape: (7255, 31)]
[2025-11-29 12:45:51,678: INFO: main: >>>>>> stage <<<<<<<Data Transformation stage>>>>>>>>> completed <<<<<<

x==========x]
[2025-11-29 12:45:51,678: INFO: main: >>>>>> stage Model Trainer stage started <<<<<<]
[2025-11-29 12:45:51,681: INFO: common: yaml file: config\config.yaml loaded successfully]
[2025-11-29 12:45:51,682: INFO: common: yaml file: params.yaml loaded successfully]
[2025-11-29 12:45:51,683: INFO: common: yaml file: schema.yaml loaded successfully]
[2025-11-29 12:45:51,684: INFO: common: created directory at: artifacts]
[2025-11-29 12:45:51,684: INFO: common: created directory at: artifacts/model_trainer]
[2025-11-29 12:45:53,655: INFO: Model_training: Random Forest Model trained and saved at: artifacts/model_trainer\model.joblib]
[2025-11-29 12:45:53,655: INFO: main: >>>>>> stage Model Trainer stage completed <<<<<<

x==========x]
[2025-11-29 12:45:53,655: INFO: main: >>>>>> stage Model evaluation stage started <<<<<<]
[2025-11-29 12:45:53,666: INFO: common: yaml file: config\config.yaml loaded successfully]
[2025-11-29 12:45:53,667: INFO: common: yaml file: params.yaml loaded successfully]
[2025-11-29 12:45:53,669: INFO: common: yaml file: schema.yaml loaded successfully]
[2025-11-29 12:45:53,670: INFO: common: created directory at: artifacts]
[2025-11-29 12:45:53,670: INFO: common: created directory at: artifacts/model_evaluation]
[2025-11-29 12:45:53,895: INFO: common: json file saved at: artifacts\model_evaluation\metrics.json]
[2025-11-29 12:45:53,895: INFO: main: >>>>>> stage Model evaluation stage completed <<<<<<

x==========x]
